2021-03-05 06:15:15.614 ERROR 1982 --- [pool-57-thread-1] oshi.software.os.mac.MacOperatingSystem  : Failed syctl call: kern.procargs2, Error code: 22
2021-03-05 07:08:40.655 ERROR 1982 --- [pool-57-thread-1] oshi.software.os.mac.MacOperatingSystem  : Failed syctl call: kern.procargs2, Error code: 22
2021-03-05 07:10:40.647 ERROR 1982 --- [pool-57-thread-1] oshi.software.os.mac.MacOperatingSystem  : Failed syctl call: kern.procargs2, Error code: 22
2021-03-05 07:11:40.653 ERROR 1982 --- [pool-57-thread-1] oshi.software.os.mac.MacOperatingSystem  : Failed syctl call: kern.procargs2, Error code: 22
2021-03-05 07:12:40.648 ERROR 1982 --- [pool-57-thread-1] oshi.software.os.mac.MacOperatingSystem  : Failed syctl call: kern.procargs2, Error code: 22
2021-03-05 07:13:40.654 ERROR 1982 --- [pool-57-thread-1] oshi.software.os.mac.MacOperatingSystem  : Failed syctl call: kern.procargs2, Error code: 22
2021-03-05 07:14:40.653 ERROR 1982 --- [pool-57-thread-1] oshi.software.os.mac.MacOperatingSystem  : Failed syctl call: kern.procargs2, Error code: 22
2021-03-05 07:15:40.653 ERROR 1982 --- [pool-57-thread-1] oshi.software.os.mac.MacOperatingSystem  : Failed syctl call: kern.procargs2, Error code: 22
2021-03-05 07:16:40.655 ERROR 1982 --- [pool-57-thread-1] oshi.software.os.mac.MacOperatingSystem  : Failed syctl call: kern.procargs2, Error code: 22
2021-03-05 07:17:40.654 ERROR 1982 --- [pool-57-thread-1] oshi.software.os.mac.MacOperatingSystem  : Failed syctl call: kern.procargs2, Error code: 22
2021-03-05 07:18:40.656 ERROR 1982 --- [pool-57-thread-1] oshi.software.os.mac.MacOperatingSystem  : Failed syctl call: kern.procargs2, Error code: 22
2021-03-05 07:19:40.656 ERROR 1982 --- [pool-57-thread-1] oshi.software.os.mac.MacOperatingSystem  : Failed syctl call: kern.procargs2, Error code: 22
2021-03-05 07:20:40.658 ERROR 1982 --- [pool-57-thread-1] oshi.software.os.mac.MacOperatingSystem  : Failed syctl call: kern.procargs2, Error code: 22
2021-03-05 07:21:40.660 ERROR 1982 --- [pool-57-thread-1] oshi.software.os.mac.MacOperatingSystem  : Failed syctl call: kern.procargs2, Error code: 22
2021-03-05 07:22:40.661 ERROR 1982 --- [pool-57-thread-1] oshi.software.os.mac.MacOperatingSystem  : Failed syctl call: kern.procargs2, Error code: 22
2021-03-05 07:23:40.639 ERROR 1982 --- [pool-57-thread-1] oshi.software.os.mac.MacOperatingSystem  : Failed syctl call: kern.procargs2, Error code: 22
2021-03-05 07:24:40.635 ERROR 1982 --- [pool-57-thread-1] oshi.software.os.mac.MacOperatingSystem  : Failed syctl call: kern.procargs2, Error code: 22
2021-03-05 07:25:40.634 ERROR 1982 --- [pool-57-thread-1] oshi.software.os.mac.MacOperatingSystem  : Failed syctl call: kern.procargs2, Error code: 22
2021-03-05 07:26:40.619 ERROR 1982 --- [pool-57-thread-1] oshi.software.os.mac.MacOperatingSystem  : Failed syctl call: kern.procargs2, Error code: 22
2021-03-05 07:28:19.687 ERROR 1982 --- [pool-57-thread-1] oshi.software.os.mac.MacOperatingSystem  : Failed syctl call: kern.procargs2, Error code: 22
2021-03-05 07:29:19.684 ERROR 1982 --- [pool-57-thread-1] oshi.software.os.mac.MacOperatingSystem  : Failed syctl call: kern.procargs2, Error code: 22
2021-03-05 07:30:19.681 ERROR 1982 --- [pool-57-thread-1] oshi.software.os.mac.MacOperatingSystem  : Failed syctl call: kern.procargs2, Error code: 22
2021-03-05 07:31:19.683 ERROR 1982 --- [pool-57-thread-1] oshi.software.os.mac.MacOperatingSystem  : Failed syctl call: kern.procargs2, Error code: 22
2021-03-05 07:32:19.680 ERROR 1982 --- [pool-57-thread-1] oshi.software.os.mac.MacOperatingSystem  : Failed syctl call: kern.procargs2, Error code: 22
2021-03-05 07:33:19.682 ERROR 1982 --- [pool-57-thread-1] oshi.software.os.mac.MacOperatingSystem  : Failed syctl call: kern.procargs2, Error code: 22
2021-03-05 07:34:19.683 ERROR 1982 --- [pool-57-thread-1] oshi.software.os.mac.MacOperatingSystem  : Failed syctl call: kern.procargs2, Error code: 22
2021-03-05 07:53:57.666 ERROR 1982 --- [pool-57-thread-1] oshi.software.os.mac.MacOperatingSystem  : Failed syctl call: kern.procargs2, Error code: 22
2021-03-05 07:54:57.670 ERROR 1982 --- [pool-57-thread-1] oshi.software.os.mac.MacOperatingSystem  : Failed syctl call: kern.procargs2, Error code: 22
2021-03-05 07:55:57.675 ERROR 1982 --- [pool-57-thread-1] oshi.software.os.mac.MacOperatingSystem  : Failed syctl call: kern.procargs2, Error code: 22
2021-03-05 07:56:57.671 ERROR 1982 --- [pool-57-thread-1] oshi.software.os.mac.MacOperatingSystem  : Failed syctl call: kern.procargs2, Error code: 22
2021-03-05 07:58:36.183 ERROR 1982 --- [pool-57-thread-1] oshi.software.os.mac.MacOperatingSystem  : Failed syctl call: kern.procargs2, Error code: 22
2021-03-05 07:59:36.165 ERROR 1982 --- [pool-57-thread-1] oshi.software.os.mac.MacOperatingSystem  : Failed syctl call: kern.procargs2, Error code: 22
2021-03-05 08:00:36.165 ERROR 1982 --- [pool-57-thread-1] oshi.software.os.mac.MacOperatingSystem  : Failed syctl call: kern.procargs2, Error code: 22
2021-03-05 08:01:36.168 ERROR 1982 --- [pool-57-thread-1] oshi.software.os.mac.MacOperatingSystem  : Failed syctl call: kern.procargs2, Error code: 22
2021-03-05 08:02:36.168 ERROR 1982 --- [pool-57-thread-1] oshi.software.os.mac.MacOperatingSystem  : Failed syctl call: kern.procargs2, Error code: 22
2021-03-05 08:03:36.165 ERROR 1982 --- [pool-57-thread-1] oshi.software.os.mac.MacOperatingSystem  : Failed syctl call: kern.procargs2, Error code: 22
2021-03-05 08:04:36.162 ERROR 1982 --- [pool-57-thread-1] oshi.software.os.mac.MacOperatingSystem  : Failed syctl call: kern.procargs2, Error code: 22
2021-03-05 08:05:36.163 ERROR 1982 --- [pool-57-thread-1] oshi.software.os.mac.MacOperatingSystem  : Failed syctl call: kern.procargs2, Error code: 22
2021-03-05 08:06:36.164 ERROR 1982 --- [pool-57-thread-1] oshi.software.os.mac.MacOperatingSystem  : Failed syctl call: kern.procargs2, Error code: 22
2021-03-05 08:07:36.166 ERROR 1982 --- [pool-57-thread-1] oshi.software.os.mac.MacOperatingSystem  : Failed syctl call: kern.procargs2, Error code: 22
2021-03-05 08:08:36.160 ERROR 1982 --- [pool-57-thread-1] oshi.software.os.mac.MacOperatingSystem  : Failed syctl call: kern.procargs2, Error code: 22
2021-03-05 08:09:36.160 ERROR 1982 --- [pool-57-thread-1] oshi.software.os.mac.MacOperatingSystem  : Failed syctl call: kern.procargs2, Error code: 22
2021-03-05 08:16:38.652 ERROR 1982 --- [pool-57-thread-1] oshi.software.os.mac.MacOperatingSystem  : Failed syctl call: kern.procargs2, Error code: 22
2021-03-05 08:17:38.652 ERROR 1982 --- [pool-57-thread-1] oshi.software.os.mac.MacOperatingSystem  : Failed syctl call: kern.procargs2, Error code: 22
2021-03-05 08:18:38.654 ERROR 1982 --- [pool-57-thread-1] oshi.software.os.mac.MacOperatingSystem  : Failed syctl call: kern.procargs2, Error code: 22
2021-03-05 08:19:38.650 ERROR 1982 --- [pool-57-thread-1] oshi.software.os.mac.MacOperatingSystem  : Failed syctl call: kern.procargs2, Error code: 22
2021-03-05 08:20:38.653 ERROR 1982 --- [pool-57-thread-1] oshi.software.os.mac.MacOperatingSystem  : Failed syctl call: kern.procargs2, Error code: 22
2021-03-05 08:21:38.657 ERROR 1982 --- [pool-57-thread-1] oshi.software.os.mac.MacOperatingSystem  : Failed syctl call: kern.procargs2, Error code: 22
2021-03-05 08:22:38.650 ERROR 1982 --- [pool-57-thread-1] oshi.software.os.mac.MacOperatingSystem  : Failed syctl call: kern.procargs2, Error code: 22
2021-03-05 08:23:38.650 ERROR 1982 --- [pool-57-thread-1] oshi.software.os.mac.MacOperatingSystem  : Failed syctl call: kern.procargs2, Error code: 22
2021-03-05 08:24:38.647 ERROR 1982 --- [pool-57-thread-1] oshi.software.os.mac.MacOperatingSystem  : Failed syctl call: kern.procargs2, Error code: 22
2021-03-05 08:25:38.647 ERROR 1982 --- [pool-57-thread-1] oshi.software.os.mac.MacOperatingSystem  : Failed syctl call: kern.procargs2, Error code: 22
2021-03-05 08:26:38.649 ERROR 1982 --- [pool-57-thread-1] oshi.software.os.mac.MacOperatingSystem  : Failed syctl call: kern.procargs2, Error code: 22
2021-03-05 08:27:38.646 ERROR 1982 --- [pool-57-thread-1] oshi.software.os.mac.MacOperatingSystem  : Failed syctl call: kern.procargs2, Error code: 22
2021-03-05 08:28:38.649 ERROR 1982 --- [pool-57-thread-1] oshi.software.os.mac.MacOperatingSystem  : Failed syctl call: kern.procargs2, Error code: 22
2021-03-05 08:29:38.650 ERROR 1982 --- [pool-57-thread-1] oshi.software.os.mac.MacOperatingSystem  : Failed syctl call: kern.procargs2, Error code: 22
2021-03-05 08:30:38.647 ERROR 1982 --- [pool-57-thread-1] oshi.software.os.mac.MacOperatingSystem  : Failed syctl call: kern.procargs2, Error code: 22
2021-03-05 08:31:38.649 ERROR 1982 --- [pool-57-thread-1] oshi.software.os.mac.MacOperatingSystem  : Failed syctl call: kern.procargs2, Error code: 22
2021-03-05 08:32:38.644 ERROR 1982 --- [pool-57-thread-1] oshi.software.os.mac.MacOperatingSystem  : Failed syctl call: kern.procargs2, Error code: 22
2021-03-05 08:33:38.652 ERROR 1982 --- [pool-57-thread-1] oshi.software.os.mac.MacOperatingSystem  : Failed syctl call: kern.procargs2, Error code: 22
2021-03-05 08:34:38.676 ERROR 1982 --- [pool-57-thread-1] oshi.software.os.mac.MacOperatingSystem  : Failed syctl call: kern.procargs2, Error code: 22
2021-03-05 08:35:38.655 ERROR 1982 --- [pool-57-thread-1] oshi.software.os.mac.MacOperatingSystem  : Failed syctl call: kern.procargs2, Error code: 22
2021-03-05 08:36:38.659 ERROR 1982 --- [pool-57-thread-1] oshi.software.os.mac.MacOperatingSystem  : Failed syctl call: kern.procargs2, Error code: 22
2021-03-05 08:37:38.655 ERROR 1982 --- [pool-57-thread-1] oshi.software.os.mac.MacOperatingSystem  : Failed syctl call: kern.procargs2, Error code: 22
2021-03-05 08:38:38.657 ERROR 1982 --- [pool-57-thread-1] oshi.software.os.mac.MacOperatingSystem  : Failed syctl call: kern.procargs2, Error code: 22
2021-03-05 08:39:38.658 ERROR 1982 --- [pool-57-thread-1] oshi.software.os.mac.MacOperatingSystem  : Failed syctl call: kern.procargs2, Error code: 22
2021-03-05 08:40:38.659 ERROR 1982 --- [pool-57-thread-1] oshi.software.os.mac.MacOperatingSystem  : Failed syctl call: kern.procargs2, Error code: 22
2021-03-05 08:41:38.657 ERROR 1982 --- [pool-57-thread-1] oshi.software.os.mac.MacOperatingSystem  : Failed syctl call: kern.procargs2, Error code: 22
2021-03-05 08:42:38.658 ERROR 1982 --- [pool-57-thread-1] oshi.software.os.mac.MacOperatingSystem  : Failed syctl call: kern.procargs2, Error code: 22
2021-03-05 08:43:38.660 ERROR 1982 --- [pool-57-thread-1] oshi.software.os.mac.MacOperatingSystem  : Failed syctl call: kern.procargs2, Error code: 22
2021-03-05 08:44:38.659 ERROR 1982 --- [pool-57-thread-1] oshi.software.os.mac.MacOperatingSystem  : Failed syctl call: kern.procargs2, Error code: 22
2021-03-05 08:45:38.658 ERROR 1982 --- [pool-57-thread-1] oshi.software.os.mac.MacOperatingSystem  : Failed syctl call: kern.procargs2, Error code: 22
2021-03-05 08:46:38.659 ERROR 1982 --- [pool-57-thread-1] oshi.software.os.mac.MacOperatingSystem  : Failed syctl call: kern.procargs2, Error code: 22
2021-03-05 08:47:38.659 ERROR 1982 --- [pool-57-thread-1] oshi.software.os.mac.MacOperatingSystem  : Failed syctl call: kern.procargs2, Error code: 22
2021-03-05 08:48:38.678 ERROR 1982 --- [pool-57-thread-1] oshi.software.os.mac.MacOperatingSystem  : Failed syctl call: kern.procargs2, Error code: 22
2021-03-05 08:49:38.699 ERROR 1982 --- [pool-57-thread-1] oshi.software.os.mac.MacOperatingSystem  : Failed syctl call: kern.procargs2, Error code: 22
2021-03-05 08:50:38.711 ERROR 1982 --- [pool-57-thread-1] oshi.software.os.mac.MacOperatingSystem  : Failed syctl call: kern.procargs2, Error code: 22
2021-03-05 08:51:38.701 ERROR 1982 --- [pool-57-thread-1] oshi.software.os.mac.MacOperatingSystem  : Failed syctl call: kern.procargs2, Error code: 22
2021-03-05 08:52:38.703 ERROR 1982 --- [pool-57-thread-1] oshi.software.os.mac.MacOperatingSystem  : Failed syctl call: kern.procargs2, Error code: 22
2021-03-05 08:53:38.705 ERROR 1982 --- [pool-57-thread-1] oshi.software.os.mac.MacOperatingSystem  : Failed syctl call: kern.procargs2, Error code: 22
2021-03-05 08:54:38.704 ERROR 1982 --- [pool-57-thread-1] oshi.software.os.mac.MacOperatingSystem  : Failed syctl call: kern.procargs2, Error code: 22
2021-03-05 08:55:38.709 ERROR 1982 --- [pool-57-thread-1] oshi.software.os.mac.MacOperatingSystem  : Failed syctl call: kern.procargs2, Error code: 22
2021-03-05 08:56:38.708 ERROR 1982 --- [pool-57-thread-1] oshi.software.os.mac.MacOperatingSystem  : Failed syctl call: kern.procargs2, Error code: 22
2021-03-05 08:57:38.708 ERROR 1982 --- [pool-57-thread-1] oshi.software.os.mac.MacOperatingSystem  : Failed syctl call: kern.procargs2, Error code: 22
2021-03-05 08:58:38.713 ERROR 1982 --- [pool-57-thread-1] oshi.software.os.mac.MacOperatingSystem  : Failed syctl call: kern.procargs2, Error code: 22
2021-03-05 08:59:38.709 ERROR 1982 --- [pool-57-thread-1] oshi.software.os.mac.MacOperatingSystem  : Failed syctl call: kern.procargs2, Error code: 22
2021-03-05 09:00:38.713 ERROR 1982 --- [pool-57-thread-1] oshi.software.os.mac.MacOperatingSystem  : Failed syctl call: kern.procargs2, Error code: 22
2021-03-05 09:01:38.716 ERROR 1982 --- [pool-57-thread-1] oshi.software.os.mac.MacOperatingSystem  : Failed syctl call: kern.procargs2, Error code: 22
2021-03-05 09:02:38.715 ERROR 1982 --- [pool-57-thread-1] oshi.software.os.mac.MacOperatingSystem  : Failed syctl call: kern.procargs2, Error code: 22
2021-03-05 09:03:38.719 ERROR 1982 --- [pool-57-thread-1] oshi.software.os.mac.MacOperatingSystem  : Failed syctl call: kern.procargs2, Error code: 22
2021-03-05 09:04:38.718 ERROR 1982 --- [pool-57-thread-1] oshi.software.os.mac.MacOperatingSystem  : Failed syctl call: kern.procargs2, Error code: 22
2021-03-05 09:05:38.718 ERROR 1982 --- [pool-57-thread-1] oshi.software.os.mac.MacOperatingSystem  : Failed syctl call: kern.procargs2, Error code: 22
2021-03-05 09:06:38.722 ERROR 1982 --- [pool-57-thread-1] oshi.software.os.mac.MacOperatingSystem  : Failed syctl call: kern.procargs2, Error code: 22
2021-03-05 09:07:38.733 ERROR 1982 --- [pool-57-thread-1] oshi.software.os.mac.MacOperatingSystem  : Failed syctl call: kern.procargs2, Error code: 22
2021-03-05 09:08:38.724 ERROR 1982 --- [pool-57-thread-1] oshi.software.os.mac.MacOperatingSystem  : Failed syctl call: kern.procargs2, Error code: 22
2021-03-05 09:09:38.724 ERROR 1982 --- [pool-57-thread-1] oshi.software.os.mac.MacOperatingSystem  : Failed syctl call: kern.procargs2, Error code: 22
2021-03-05 09:10:38.728 ERROR 1982 --- [pool-57-thread-1] oshi.software.os.mac.MacOperatingSystem  : Failed syctl call: kern.procargs2, Error code: 22
2021-03-05 09:11:38.749 ERROR 1982 --- [pool-57-thread-1] oshi.software.os.mac.MacOperatingSystem  : Failed syctl call: kern.procargs2, Error code: 22
2021-03-05 09:12:38.730 ERROR 1982 --- [pool-57-thread-1] oshi.software.os.mac.MacOperatingSystem  : Failed syctl call: kern.procargs2, Error code: 22
2021-03-05 09:13:38.737 ERROR 1982 --- [pool-57-thread-1] oshi.software.os.mac.MacOperatingSystem  : Failed syctl call: kern.procargs2, Error code: 22
2021-03-05 09:14:38.731 ERROR 1982 --- [pool-57-thread-1] oshi.software.os.mac.MacOperatingSystem  : Failed syctl call: kern.procargs2, Error code: 22
2021-03-05 09:15:38.734 ERROR 1982 --- [pool-57-thread-1] oshi.software.os.mac.MacOperatingSystem  : Failed syctl call: kern.procargs2, Error code: 22
2021-03-05 09:16:38.735 ERROR 1982 --- [pool-57-thread-1] oshi.software.os.mac.MacOperatingSystem  : Failed syctl call: kern.procargs2, Error code: 22
2021-03-05 09:17:38.736 ERROR 1982 --- [pool-57-thread-1] oshi.software.os.mac.MacOperatingSystem  : Failed syctl call: kern.procargs2, Error code: 22
2021-03-05 09:18:38.737 ERROR 1982 --- [pool-57-thread-1] oshi.software.os.mac.MacOperatingSystem  : Failed syctl call: kern.procargs2, Error code: 22
2021-03-05 09:19:38.737 ERROR 1982 --- [pool-57-thread-1] oshi.software.os.mac.MacOperatingSystem  : Failed syctl call: kern.procargs2, Error code: 22
2021-03-05 09:20:38.738 ERROR 1982 --- [pool-57-thread-1] oshi.software.os.mac.MacOperatingSystem  : Failed syctl call: kern.procargs2, Error code: 22
2021-03-05 09:21:38.741 ERROR 1982 --- [pool-57-thread-1] oshi.software.os.mac.MacOperatingSystem  : Failed syctl call: kern.procargs2, Error code: 22
2021-03-05 09:22:38.743 ERROR 1982 --- [pool-57-thread-1] oshi.software.os.mac.MacOperatingSystem  : Failed syctl call: kern.procargs2, Error code: 22
2021-03-05 09:23:38.745 ERROR 1982 --- [pool-57-thread-1] oshi.software.os.mac.MacOperatingSystem  : Failed syctl call: kern.procargs2, Error code: 22
2021-03-05 09:24:38.744 ERROR 1982 --- [pool-57-thread-1] oshi.software.os.mac.MacOperatingSystem  : Failed syctl call: kern.procargs2, Error code: 22
2021-03-05 09:25:38.705 ERROR 1982 --- [pool-57-thread-1] oshi.software.os.mac.MacOperatingSystem  : Failed syctl call: kern.procargs2, Error code: 22
2021-03-05 09:26:38.705 ERROR 1982 --- [pool-57-thread-1] oshi.software.os.mac.MacOperatingSystem  : Failed syctl call: kern.procargs2, Error code: 22
2021-03-05 09:27:38.705 ERROR 1982 --- [pool-57-thread-1] oshi.software.os.mac.MacOperatingSystem  : Failed syctl call: kern.procargs2, Error code: 22
2021-03-05 09:28:38.706 ERROR 1982 --- [pool-57-thread-1] oshi.software.os.mac.MacOperatingSystem  : Failed syctl call: kern.procargs2, Error code: 22
2021-03-05 09:29:38.705 ERROR 1982 --- [pool-57-thread-1] oshi.software.os.mac.MacOperatingSystem  : Failed syctl call: kern.procargs2, Error code: 22
2021-03-05 09:30:38.709 ERROR 1982 --- [pool-57-thread-1] oshi.software.os.mac.MacOperatingSystem  : Failed syctl call: kern.procargs2, Error code: 22
2021-03-05 09:31:38.705 ERROR 1982 --- [pool-57-thread-1] oshi.software.os.mac.MacOperatingSystem  : Failed syctl call: kern.procargs2, Error code: 22
2021-03-05 09:32:38.706 ERROR 1982 --- [pool-57-thread-1] oshi.software.os.mac.MacOperatingSystem  : Failed syctl call: kern.procargs2, Error code: 22
2021-03-05 09:33:38.707 ERROR 1982 --- [pool-57-thread-1] oshi.software.os.mac.MacOperatingSystem  : Failed syctl call: kern.procargs2, Error code: 22
2021-03-05 09:34:38.706 ERROR 1982 --- [pool-57-thread-1] oshi.software.os.mac.MacOperatingSystem  : Failed syctl call: kern.procargs2, Error code: 22
2021-03-05 09:35:38.712 ERROR 1982 --- [pool-57-thread-1] oshi.software.os.mac.MacOperatingSystem  : Failed syctl call: kern.procargs2, Error code: 22
2021-03-05 09:36:38.711 ERROR 1982 --- [pool-57-thread-1] oshi.software.os.mac.MacOperatingSystem  : Failed syctl call: kern.procargs2, Error code: 22
2021-03-05 09:37:38.712 ERROR 1982 --- [pool-57-thread-1] oshi.software.os.mac.MacOperatingSystem  : Failed syctl call: kern.procargs2, Error code: 22
2021-03-05 09:38:38.709 ERROR 1982 --- [pool-57-thread-1] oshi.software.os.mac.MacOperatingSystem  : Failed syctl call: kern.procargs2, Error code: 22
2021-03-05 09:39:38.714 ERROR 1982 --- [pool-57-thread-1] oshi.software.os.mac.MacOperatingSystem  : Failed syctl call: kern.procargs2, Error code: 22
2021-03-05 09:40:38.703 ERROR 1982 --- [pool-57-thread-1] oshi.software.os.mac.MacOperatingSystem  : Failed syctl call: kern.procargs2, Error code: 22
2021-03-05 09:41:38.704 ERROR 1982 --- [pool-57-thread-1] oshi.software.os.mac.MacOperatingSystem  : Failed syctl call: kern.procargs2, Error code: 22
2021-03-05 09:42:38.701 ERROR 1982 --- [pool-57-thread-1] oshi.software.os.mac.MacOperatingSystem  : Failed syctl call: kern.procargs2, Error code: 22
2021-03-05 09:43:38.700 ERROR 1982 --- [pool-57-thread-1] oshi.software.os.mac.MacOperatingSystem  : Failed syctl call: kern.procargs2, Error code: 22
2021-03-05 09:44:38.701 ERROR 1982 --- [pool-57-thread-1] oshi.software.os.mac.MacOperatingSystem  : Failed syctl call: kern.procargs2, Error code: 22
2021-03-05 09:45:38.704 ERROR 1982 --- [pool-57-thread-1] oshi.software.os.mac.MacOperatingSystem  : Failed syctl call: kern.procargs2, Error code: 22
2021-03-05 09:46:38.706 ERROR 1982 --- [pool-57-thread-1] oshi.software.os.mac.MacOperatingSystem  : Failed syctl call: kern.procargs2, Error code: 22
2021-03-05 09:47:38.706 ERROR 1982 --- [pool-57-thread-1] oshi.software.os.mac.MacOperatingSystem  : Failed syctl call: kern.procargs2, Error code: 22
2021-03-05 09:48:38.707 ERROR 1982 --- [pool-57-thread-1] oshi.software.os.mac.MacOperatingSystem  : Failed syctl call: kern.procargs2, Error code: 22
2021-03-05 09:49:38.707 ERROR 1982 --- [pool-57-thread-1] oshi.software.os.mac.MacOperatingSystem  : Failed syctl call: kern.procargs2, Error code: 22
2021-03-05 09:50:38.704 ERROR 1982 --- [pool-57-thread-1] oshi.software.os.mac.MacOperatingSystem  : Failed syctl call: kern.procargs2, Error code: 22
2021-03-05 09:51:38.707 ERROR 1982 --- [pool-57-thread-1] oshi.software.os.mac.MacOperatingSystem  : Failed syctl call: kern.procargs2, Error code: 22
2021-03-05 09:52:38.705 ERROR 1982 --- [pool-57-thread-1] oshi.software.os.mac.MacOperatingSystem  : Failed syctl call: kern.procargs2, Error code: 22
2021-03-05 09:53:38.710 ERROR 1982 --- [pool-57-thread-1] oshi.software.os.mac.MacOperatingSystem  : Failed syctl call: kern.procargs2, Error code: 22
2021-03-05 09:54:38.706 ERROR 1982 --- [pool-57-thread-1] oshi.software.os.mac.MacOperatingSystem  : Failed syctl call: kern.procargs2, Error code: 22
2021-03-05 09:55:38.759 ERROR 1982 --- [pool-57-thread-1] oshi.software.os.mac.MacOperatingSystem  : Failed syctl call: kern.procargs2, Error code: 22
2021-03-05 09:56:38.757 ERROR 1982 --- [pool-57-thread-1] oshi.software.os.mac.MacOperatingSystem  : Failed syctl call: kern.procargs2, Error code: 22
2021-03-05 09:57:38.764 ERROR 1982 --- [pool-57-thread-1] oshi.software.os.mac.MacOperatingSystem  : Failed syctl call: kern.procargs2, Error code: 22
2021-03-05 09:58:38.764 ERROR 1982 --- [pool-57-thread-1] oshi.software.os.mac.MacOperatingSystem  : Failed syctl call: kern.procargs2, Error code: 22
2021-03-05 09:59:38.764 ERROR 1982 --- [pool-57-thread-1] oshi.software.os.mac.MacOperatingSystem  : Failed syctl call: kern.procargs2, Error code: 22
2021-03-05 10:00:38.763 ERROR 1982 --- [pool-57-thread-1] oshi.software.os.mac.MacOperatingSystem  : Failed syctl call: kern.procargs2, Error code: 22
2021-03-05 10:01:38.765 ERROR 1982 --- [pool-57-thread-1] oshi.software.os.mac.MacOperatingSystem  : Failed syctl call: kern.procargs2, Error code: 22
2021-03-05 10:02:38.767 ERROR 1982 --- [pool-57-thread-1] oshi.software.os.mac.MacOperatingSystem  : Failed syctl call: kern.procargs2, Error code: 22
2021-03-05 10:03:38.764 ERROR 1982 --- [pool-57-thread-1] oshi.software.os.mac.MacOperatingSystem  : Failed syctl call: kern.procargs2, Error code: 22
2021-03-05 10:04:38.767 ERROR 1982 --- [pool-57-thread-1] oshi.software.os.mac.MacOperatingSystem  : Failed syctl call: kern.procargs2, Error code: 22
2021-03-05 10:05:38.766 ERROR 1982 --- [pool-57-thread-1] oshi.software.os.mac.MacOperatingSystem  : Failed syctl call: kern.procargs2, Error code: 22
2021-03-05 10:06:38.772 ERROR 1982 --- [pool-57-thread-1] oshi.software.os.mac.MacOperatingSystem  : Failed syctl call: kern.procargs2, Error code: 22
2021-03-05 10:07:38.770 ERROR 1982 --- [pool-57-thread-1] oshi.software.os.mac.MacOperatingSystem  : Failed syctl call: kern.procargs2, Error code: 22
2021-03-05 10:07:59.149  INFO 1982 --- [XNIO-1 I/O-3] lavalink.server.io.SocketServer          : Connection closed from /127.0.0.1:51003 -- CloseStatus[code=1006, reason=]
2021-03-05 10:07:59.151  INFO 1982 --- [XNIO-1 I/O-3] lavalink.server.io.SocketContext         : Shutting down 0 playing players.
2021-03-05 10:08:14.034  INFO 1982 --- [XNIO-1 task-1] l.server.io.HandshakeInterceptorImpl     : Incoming connection from /127.0.0.1:58879
2021-03-05 10:08:14.087  INFO 1982 --- [XNIO-1 task-1] lavalink.server.io.SocketServer          : Connection successfully established from /127.0.0.1:58879
2021-03-05 10:08:14.096  WARN 1982 --- [pool-58-thread-1] oshi.software.os.mac.MacOSVersionInfoEx  : Unable to parse version 10.16 to a codename.
2021-03-05 10:08:14.101 ERROR 1982 --- [pool-58-thread-1] oshi.software.os.mac.MacOperatingSystem  : Failed syctl call: kern.procargs2, Error code: 22
2021-03-05 10:09:14.087 ERROR 1982 --- [pool-58-thread-1] oshi.software.os.mac.MacOperatingSystem  : Failed syctl call: kern.procargs2, Error code: 22
